color-blob-detection-verAlt-3.3.0/openCVSamplecolorblobdetection/build/outputs/logs/manifest-merger-debug-report.txt
-- Merging decision tree log ---
manifest
ADDED from src\main\AndroidManifest.xml:2:1-57:12
INJECTED from src\main\AndroidManifest.xml:2:1-57:12
INJECTED from src\main\AndroidManifest.xml:2:1-57:12
INJECTED from src\main\AndroidManifest.xml:2:1-57:12
MERGED from [:openCVLibrary330] AndroidManifest.xml:2:1-11:12
MERGED from [com.android.support:appcompat-v7:22.2.1] AndroidManifest.xml:17:1-24:12
MERGED from [com.android.support.constraint:constraint-layout:1.0.2] AndroidManifest.xml:2:1-11:12
MERGED from [com.android.support:support-v4:22.2.1] AndroidManifest.xml:17:1-24:12
INJECTED from src\main\AndroidManifest.xml:2:1-57:12
INJECTED from src\main\AndroidManifest.xml:2:1-57:12
INJECTED from src\main\AndroidManifest.xml:2:1-57:12
	package
		ADDED from src\main\AndroidManifest.xml:3:5-49
		INJECTED from src\main\AndroidManifest.xml
		INJECTED from src\main\AndroidManifest.xml
	android:versionName
		ADDED from src\main\AndroidManifest.xml:5:5-31
		INJECTED from src\main\AndroidManifest.xml
		INJECTED from src\main\AndroidManifest.xml
	xmlns:android
		ADDED from src\main\AndroidManifest.xml:2:11-69
	android:versionCode
		ADDED from src\main\AndroidManifest.xml:4:5-30
		INJECTED from src\main\AndroidManifest.xml
		INJECTED from src\main\AndroidManifest.xml
uses-sdk
ADDED from src\main\AndroidManifest.xml:7:5-9:41
INJECTED from src\main\AndroidManifest.xml:7:5-9:41
INJECTED from src\main\AndroidManifest.xml:7:5-9:41
MERGED from [:openCVLibrary330] AndroidManifest.xml:7:5-9:40
MERGED from [:openCVLibrary330] AndroidManifest.xml:7:5-9:40
MERGED from [com.android.support:appcompat-v7:22.2.1] AndroidManifest.xml:20:5-43
MERGED from [com.android.support:appcompat-v7:22.2.1] AndroidManifest.xml:20:5-43
MERGED from [com.android.support.constraint:constraint-layout:1.0.2] AndroidManifest.xml:5:5-7:41
MERGED from [com.android.support.constraint:constraint-layout:1.0.2] AndroidManifest.xml:5:5-7:41
MERGED from [com.android.support:support-v4:22.2.1] AndroidManifest.xml:20:5-43
MERGED from [com.android.support:support-v4:22.2.1] AndroidManifest.xml:20:5-43
INJECTED from src\main\AndroidManifest.xml:7:5-9:41
INJECTED from src\main\AndroidManifest.xml:7:5-9:41
	android:targetSdkVersion
		ADDED from src\main\AndroidManifest.xml:9:9-38
		INJECTED from src\main\AndroidManifest.xml
		INJECTED from src\main\AndroidManifest.xml
	android:minSdkVersion
		ADDED from src\main\AndroidManifest.xml:8:9-35
		INJECTED from src\main\AndroidManifest.xml
		INJECTED from src\main\AndroidManifest.xml
supports-screens
ADDED from src\main\AndroidManifest.xml:11:5-16:39
	android:largeScreens
		ADDED from src\main\AndroidManifest.xml:13:9-36
	android:smallScreens
		ADDED from src\main\AndroidManifest.xml:16:9-36
	android:normalScreens
		ADDED from src\main\AndroidManifest.xml:14:9-37
	android:resizeable
		ADDED from src\main\AndroidManifest.xml:15:9-34
	android:anyDensity
		ADDED from src\main\AndroidManifest.xml:12:9-34
uses-permission#android.permission.WRITE_EXTERNAL_STORAGE
ADDED from src\main\AndroidManifest.xml:18:5-81
	android:name
		ADDED from src\main\AndroidManifest.xml:18:22-78
uses-permission#android.permission.CAMERA
ADDED from src\main\AndroidManifest.xml:19:5-65
	android:name
		ADDED from src\main\AndroidManifest.xml:19:22-62
uses-permission#android.permission.READ_PHONE_STATE
ADDED from src\main\AndroidManifest.xml:20:5-75
	android:name
		ADDED from src\main\AndroidManifest.xml:20:22-72
uses-permission#android.permission.READ_EXTERNAL_STORAGE
ADDED from src\main\AndroidManifest.xml:21:5-80
	android:name
		ADDED from src\main\AndroidManifest.xml:21:22-77
uses-feature#android.hardware.camera
ADDED from src\main\AndroidManifest.xml:23:5-25:36
	android:required
		ADDED from src\main\AndroidManifest.xml:25:9-33
	android:name
		ADDED from src\main\AndroidManifest.xml:24:9-47
uses-feature#android.hardware.camera.autofocus
ADDED from src\main\AndroidManifest.xml:26:5-28:36
	android:required
		ADDED from src\main\AndroidManifest.xml:28:9-33
	android:name
		ADDED from src\main\AndroidManifest.xml:27:9-57
uses-feature#android.hardware.camera.front
ADDED from src\main\AndroidManifest.xml:29:5-31:36
	android:required
		ADDED from src\main\AndroidManifest.xml:31:9-33
	android:name
		ADDED from src\main\AndroidManifest.xml:30:9-53
uses-feature#android.hardware.camera.front.autofocus
ADDED from src\main\AndroidManifest.xml:32:5-34:36
	android:required
		ADDED from src\main\AndroidManifest.xml:34:9-33
	android:name
		ADDED from src\main\AndroidManifest.xml:33:9-63
application
ADDED from src\main\AndroidManifest.xml:36:5-55:19
MERGED from [com.android.support:appcompat-v7:22.2.1] AndroidManifest.xml:22:5-20
MERGED from [com.android.support:appcompat-v7:22.2.1] AndroidManifest.xml:22:5-20
MERGED from [com.android.support.constraint:constraint-layout:1.0.2] AndroidManifest.xml:9:5-20
MERGED from [com.android.support.constraint:constraint-layout:1.0.2] AndroidManifest.xml:9:5-20
MERGED from [com.android.support:support-v4:22.2.1] AndroidManifest.xml:22:5-20
MERGED from [com.android.support:support-v4:22.2.1] AndroidManifest.xml:22:5-20
	android:label
		ADDED from src\main\AndroidManifest.xml:38:9-41
	android:icon
		ADDED from src\main\AndroidManifest.xml:37:9-38
	android:theme
		ADDED from src\main\AndroidManifest.xml:39:9-67
activity#org.opencv.samples.colorblobdetect.Principal
ADDED from src\main\AndroidManifest.xml:41:9-47:40
	android:label
		ADDED from src\main\AndroidManifest.xml:43:13-45
	android:name
		ADDED from src\main\AndroidManifest.xml:42:13-38
intent-filter#android.intent.action.MAIN+android.intent.category.LAUNCHER
ADDED from src\main\AndroidManifest.xml:44:13-47:29
action#android.intent.action.MAIN
ADDED from src\main\AndroidManifest.xml:45:17-69
	android:name
		ADDED from src\main\AndroidManifest.xml:45:25-66
category#android.intent.category.LAUNCHER
ADDED from src\main\AndroidManifest.xml:46:17-77
	android:name
		ADDED from src\main\AndroidManifest.xml:46:27-74
activity#org.opencv.samples.colorblobdetect.ColorBlobDetectionActivity
ADDED from src\main\AndroidManifest.xml:48:9-53:20
	android:screenOrientation
		ADDED from src\main\AndroidManifest.xml:52:13-50
	android:label
		ADDED from src\main\AndroidManifest.xml:51:13-45
	android:configChanges
		ADDED from src\main\AndroidManifest.xml:50:13-63
	android:name
		ADDED from src\main\AndroidManifest.xml:49:13-55
activity#org.opencv.samples.colorblobdetect.P
ADDED from src\main\AndroidManifest.xml:54:9-39
	android:name
		ADDED from src\main\AndroidManifest.xml:54:19-36